<?xml version="1.0" encoding="UTF-8"?>
<!-- Generated by org.testng.reporters.JUnitReportReporter -->
<testsuite hostname="Asplapnav225" failures="0" tests="1" name="Org.LambdaTesting.Runner.LambdaRunnerClass" time="29.817" errors="0" timestamp="2023-10-20T16:13:26 IST" skipped="0">
  <testcase classname="Org.LambdaTesting.Runner.LambdaRunnerClass" name="verifyIntegrations" time="29.817"/>
</testsuite> <!-- Org.LambdaTesting.Runner.LambdaRunnerClass -->
